<?xml version="1.0" encoding="UTF-8"?>
<robot generator="Robot 6.1 (Python 3.11.4 on win32)" generated="20230812 19:21:20.148" rpa="false" schemaversion="4">
<suite id="s1" name="Login" source="C:\Users\marco\OneDrive\Área de Trabalho\teste\test\login.robot">
<test id="s1-t1" name="Login com sucesso" line="14">
<kw name="Abrir Navegador" library="resouces" type="SETUP">
<arg>${URL}</arg>
<arg>${Browser}</arg>
<kw name="Open Browser" library="SeleniumLibrary">
<arg>${URL}</arg>
<arg>${Browser}</arg>
<arg>options=add_experimental_option("detach", True)</arg>
<doc>Opens a new browser instance to the optional ``url``.</doc>
<msg timestamp="20230812 19:21:20.717" level="INFO">Opening browser 'Chrome' to base url 'https://automationexercise.com/login'.</msg>
<status status="PASS" starttime="20230812 19:21:20.715" endtime="20230812 19:21:30.475"/>
</kw>
<status status="PASS" starttime="20230812 19:21:20.714" endtime="20230812 19:21:30.475"/>
</kw>
<kw name="Realizar login" library="resouces">
<arg>marcos@hotmail.com</arg>
<arg>123</arg>
<kw name="Input Text" library="SeleniumLibrary">
<arg>//form[@action='/login']/input[@name='email']</arg>
<arg>${email}</arg>
<doc>Types the given ``text`` into the text field identified by ``locator``.</doc>
<msg timestamp="20230812 19:21:30.483" level="INFO">Typing text 'marcos@hotmail.com' into text field '//form[@action='/login']/input[@name='email']'.</msg>
<status status="PASS" starttime="20230812 19:21:30.481" endtime="20230812 19:21:31.001"/>
</kw>
<kw name="Input Password" library="SeleniumLibrary">
<arg>//form[@action='/login']/input[@name='password']</arg>
<arg>${password}</arg>
<doc>Types the given password into the text field identified by ``locator``.</doc>
<msg timestamp="20230812 19:21:31.002" level="INFO">Typing password into text field '//form[@action='/login']/input[@name='password']'.</msg>
<msg timestamp="20230812 19:21:31.085" level="INFO">Temporally setting log level to: NONE</msg>
<msg timestamp="20230812 19:21:31.286" level="INFO">Log level changed from NONE to INFO.</msg>
<status status="PASS" starttime="20230812 19:21:31.001" endtime="20230812 19:21:31.286"/>
</kw>
<kw name="Click Button" library="SeleniumLibrary">
<arg>//button[@data-qa='login-button']</arg>
<doc>Clicks the button identified by ``locator``.</doc>
<msg timestamp="20230812 19:21:31.287" level="INFO">Clicking button '//button[@data-qa='login-button']'.</msg>
<status status="PASS" starttime="20230812 19:21:31.286" endtime="20230812 19:21:43.149"/>
</kw>
<status status="PASS" starttime="20230812 19:21:30.479" endtime="20230812 19:21:43.149"/>
</kw>
<kw name="Validar Login executado com sucesso" library="resouces">
<kw name="Element Should Be Visible" library="SeleniumLibrary">
<arg>//a[@href='/logout']</arg>
<doc>Verifies that the element identified by ``locator`` is visible.</doc>
<msg timestamp="20230812 19:21:43.316" level="INFO">Element '//a[@href='/logout']' is displayed.</msg>
<status status="PASS" starttime="20230812 19:21:43.178" endtime="20230812 19:21:43.317"/>
</kw>
<status status="PASS" starttime="20230812 19:21:43.176" endtime="20230812 19:21:43.317"/>
</kw>
<status status="PASS" starttime="20230812 19:21:20.713" endtime="20230812 19:21:43.319"/>
</test>
<doc>Automação do site Automation Exercise</doc>
<status status="PASS" starttime="20230812 19:21:20.156" endtime="20230812 19:21:43.322"/>
</suite>
<statistics>
<total>
<stat pass="1" fail="0" skip="0">All Tests</stat>
</total>
<tag>
</tag>
<suite>
<stat pass="1" fail="0" skip="0" id="s1" name="Login">Login</stat>
</suite>
</statistics>
<errors>
</errors>
</robot>
